2020-11-18 14:35:23,887 [main] [com.example.demo.SpringbootMybatisPlusApplication] [INFO] (StartupInfoLogger.java:50)- Starting SpringbootMybatisPlusApplication on DESKTOP-MPF9R39 with PID 21200 (E:\workspace-spring-tool-suite-4-4.1.2.RELEASE\springboot-mybatis-plus\target\classes started by zuoruibo in E:\workspace-spring-tool-suite-4-4.1.2.RELEASE\springboot-mybatis-plus)
2020-11-18 14:35:23,890 [main] [com.example.demo.SpringbootMybatisPlusApplication] [DEBUG] (StartupInfoLogger.java:53)- Running with Spring Boot v2.1.3.RELEASE, Spring v5.1.5.RELEASE
2020-11-18 14:35:23,891 [main] [com.example.demo.SpringbootMybatisPlusApplication] [INFO] (SpringApplication.java:675)- No active profile set, falling back to default profiles: default
2020-11-18 14:40:53,753 [main] [com.example.demo.SpringbootMybatisPlusApplication] [INFO] (StartupInfoLogger.java:50)- Starting SpringbootMybatisPlusApplication on DESKTOP-MPF9R39 with PID 19100 (E:\workspace-spring-tool-suite-4-4.1.2.RELEASE\springboot-mybatis-plus\target\classes started by zuoruibo in E:\workspace-spring-tool-suite-4-4.1.2.RELEASE\springboot-mybatis-plus)
2020-11-18 14:40:53,755 [main] [com.example.demo.SpringbootMybatisPlusApplication] [DEBUG] (StartupInfoLogger.java:53)- Running with Spring Boot v2.1.3.RELEASE, Spring v5.1.5.RELEASE
2020-11-18 14:40:53,756 [main] [com.example.demo.SpringbootMybatisPlusApplication] [INFO] (SpringApplication.java:675)- No active profile set, falling back to default profiles: default
2020-11-18 14:43:38,384 [main] [com.example.demo.SpringbootMybatisPlusApplication] [INFO] (StartupInfoLogger.java:50)- Starting SpringbootMybatisPlusApplication on DESKTOP-MPF9R39 with PID 7932 (E:\workspace-spring-tool-suite-4-4.1.2.RELEASE\springboot-mybatis-plus\target\classes started by zuoruibo in E:\workspace-spring-tool-suite-4-4.1.2.RELEASE\springboot-mybatis-plus)
2020-11-18 14:43:38,387 [main] [com.example.demo.SpringbootMybatisPlusApplication] [DEBUG] (StartupInfoLogger.java:53)- Running with Spring Boot v2.1.3.RELEASE, Spring v5.1.5.RELEASE
2020-11-18 14:43:38,387 [main] [com.example.demo.SpringbootMybatisPlusApplication] [INFO] (SpringApplication.java:675)- No active profile set, falling back to default profiles: default
2020-11-18 14:43:41,294 [main] [com.example.demo.SpringbootMybatisPlusApplication] [INFO] (StartupInfoLogger.java:59)- Started SpringbootMybatisPlusApplication in 3.219 seconds (JVM running for 5.096)
2020-11-18 14:44:46,894 [http-nio-9090-exec-1] [com.example.demo.config.MyHttpInterceptor] [INFO] (MyHttpInterceptor.java:34)- 请求参数, url: http://localhost:9090/test/myuser/listUser, method: GET, params: null
2020-11-18 14:44:47,153 [http-nio-9090-exec-1] [com.example.demo.test.dao.MyuserMapper.selectList] [DEBUG] (BaseJdbcLogger.java:143)- ==>  Preparing: SELECT id,name,email,age FROM myuser 
2020-11-18 14:44:47,179 [http-nio-9090-exec-1] [com.example.demo.test.dao.MyuserMapper.selectList] [DEBUG] (BaseJdbcLogger.java:143)- ==> Parameters: 
2020-11-18 14:44:47,210 [http-nio-9090-exec-1] [com.example.demo.test.dao.MyuserMapper.selectList] [DEBUG] (BaseJdbcLogger.java:143)- <==      Total: 2
2020-11-18 14:45:00,813 [http-nio-9090-exec-3] [com.example.demo.config.MyHttpInterceptor] [INFO] (MyHttpInterceptor.java:34)- 请求参数, url: http://localhost:9090/test/myuser/getUserByName, method: GET, params: null
2020-11-18 14:45:00,825 [http-nio-9090-exec-3] [com.example.demo.test.dao.MyuserMapper.getUserByName] [DEBUG] (BaseJdbcLogger.java:143)- ==>  Preparing: select * from myuser where name = ? 
2020-11-18 14:45:00,826 [http-nio-9090-exec-3] [com.example.demo.test.dao.MyuserMapper.getUserByName] [DEBUG] (BaseJdbcLogger.java:143)- ==> Parameters: null
2020-11-18 14:45:00,827 [http-nio-9090-exec-3] [com.example.demo.test.dao.MyuserMapper.getUserByName] [DEBUG] (BaseJdbcLogger.java:143)- <==      Total: 0
2020-11-18 14:45:42,440 [http-nio-9090-exec-5] [com.example.demo.config.MyHttpInterceptor] [INFO] (MyHttpInterceptor.java:34)- 请求参数, url: http://localhost:9090/test/myuser/getUserByName, method: GET, params: name=Minbo
2020-11-18 14:45:42,441 [http-nio-9090-exec-5] [com.example.demo.test.dao.MyuserMapper.getUserByName] [DEBUG] (BaseJdbcLogger.java:143)- ==>  Preparing: select * from myuser where name = ? 
2020-11-18 14:45:42,442 [http-nio-9090-exec-5] [com.example.demo.test.dao.MyuserMapper.getUserByName] [DEBUG] (BaseJdbcLogger.java:143)- ==> Parameters: Minbo(String)
2020-11-18 14:45:42,444 [http-nio-9090-exec-5] [com.example.demo.test.dao.MyuserMapper.getUserByName] [DEBUG] (BaseJdbcLogger.java:143)- <==      Total: 1
2020-11-18 16:25:52,965 [main] [com.example.demo.SpringbootMybatisPlusApplication] [INFO] (StartupInfoLogger.java:50)- Starting SpringbootMybatisPlusApplication on DESKTOP-MPF9R39 with PID 12920 (E:\workspace-spring-tool-suite-4-4.1.2.RELEASE\springboot-mybatis-plus\target\classes started by zuoruibo in E:\workspace-spring-tool-suite-4-4.1.2.RELEASE\springboot-mybatis-plus)
2020-11-18 16:25:52,968 [main] [com.example.demo.SpringbootMybatisPlusApplication] [DEBUG] (StartupInfoLogger.java:53)- Running with Spring Boot v2.1.3.RELEASE, Spring v5.1.5.RELEASE
2020-11-18 16:25:52,969 [main] [com.example.demo.SpringbootMybatisPlusApplication] [INFO] (SpringApplication.java:675)- No active profile set, falling back to default profiles: default
2020-11-18 16:25:55,738 [main] [com.example.demo.SpringbootMybatisPlusApplication] [INFO] (StartupInfoLogger.java:59)- Started SpringbootMybatisPlusApplication in 3.062 seconds (JVM running for 4.999)
